[dotenv] Loaded [33m.env[0m
[dotenv] Loaded [33m.env[0m
[dotenv] Loaded [33m.env[0m
[dotenv] Loaded [33m.env[0m
[dotenv] Loaded [33m.env[0m
[dotenv] Loaded [33m.env[0m
[dotenv] Set [36mAPPNAME_DATABASE_PASSWORD[0m
[dotenv] Loaded [33m.env[0m
  [1m[35m (113.2ms)[0m  [1m[35mCREATE DATABASE "hello_world_development" ENCODING = 'unicode'[0m
  [1m[35m (94.1ms)[0m  [1m[35mCREATE DATABASE "hello_world_test" ENCODING = 'unicode'[0m
[dotenv] Set [36mAPPNAME_DATABASE_PASSWORD[0m
[dotenv] Loaded [33m.env[0m
  [1m[35m (21.6ms)[0m  [1m[35mCREATE TABLE "schema_migrations" ("version" character varying NOT NULL PRIMARY KEY)[0m
  [1m[35m (12.0ms)[0m  [1m[35mCREATE TABLE "ar_internal_metadata" ("key" character varying NOT NULL PRIMARY KEY, "value" character varying, "created_at" timestamp(6) NOT NULL, "updated_at" timestamp(6) NOT NULL)[0m
  [1m[35m (0.4ms)[0m  [1m[34mSELECT pg_try_advisory_lock(2711945200500147885)[0m
  [1m[36mActiveRecord::SchemaMigration Load (1.1ms)[0m  [1m[34mSELECT "schema_migrations"."version" FROM "schema_migrations" ORDER BY "schema_migrations"."version" ASC[0m
  [1m[36mActiveRecord::InternalMetadata Load (1.3ms)[0m  [1m[34mSELECT * FROM "ar_internal_metadata" WHERE "ar_internal_metadata"."key" = $1 ORDER BY "ar_internal_metadata"."key" ASC LIMIT 1[0m  [[nil, "environment"]]
  [1m[36mActiveRecord::InternalMetadata Create (2.4ms)[0m  [1m[32mINSERT INTO "ar_internal_metadata" ("key", "value", "created_at", "updated_at") VALUES ('environment', 'development', '2024-07-27 18:58:24.408260', '2024-07-27 18:58:24.408265') RETURNING "key"[0m
  [1m[35m (0.5ms)[0m  [1m[34mSELECT pg_advisory_unlock(2711945200500147885)[0m
  [1m[36mActiveRecord::SchemaMigration Load (0.5ms)[0m  [1m[34mSELECT "schema_migrations"."version" FROM "schema_migrations" ORDER BY "schema_migrations"."version" ASC[0m
[dotenv] Set [36mAPPNAME_DATABASE_PASSWORD[0m
[dotenv] Loaded [33m.env[0m
  [1m[35m (1.6ms)[0m  [1m[35mCREATE DATABASE "hello_world_development" ENCODING = 'unicode'[0m
  [1m[35m (0.8ms)[0m  [1m[35mCREATE DATABASE "hello_world_test" ENCODING = 'unicode'[0m
  [1m[36mActiveRecord::SchemaMigration Load (5.8ms)[0m  [1m[34mSELECT "schema_migrations"."version" FROM "schema_migrations" ORDER BY "schema_migrations"."version" ASC[0m
  [1m[36mActiveRecord::SchemaMigration Load (0.3ms)[0m  [1m[34mSELECT "schema_migrations"."version" FROM "schema_migrations" ORDER BY "schema_migrations"."version" ASC[0m
  [1m[35mSQL (0.7ms)[0m  [1m[35mCREATE EXTENSION IF NOT EXISTS "plpgsql"[0m
  [1m[36mActiveRecord::SchemaMigration Load (0.4ms)[0m  [1m[34mSELECT "schema_migrations"."version" FROM "schema_migrations" ORDER BY "schema_migrations"."version" ASC[0m
  [1m[35m (9.9ms)[0m  [1m[32mINSERT INTO "schema_migrations" (version) VALUES (0)[0m
  [1m[36mActiveRecord::InternalMetadata Load (1.2ms)[0m  [1m[34mSELECT * FROM "ar_internal_metadata" WHERE "ar_internal_metadata"."key" = $1 ORDER BY "ar_internal_metadata"."key" ASC LIMIT 1[0m  [[nil, "environment"]]
  [1m[36mActiveRecord::InternalMetadata Load (0.6ms)[0m  [1m[34mSELECT * FROM "ar_internal_metadata" WHERE "ar_internal_metadata"."key" = $1 ORDER BY "ar_internal_metadata"."key" ASC LIMIT 1[0m  [[nil, "environment"]]
  [1m[36mActiveRecord::InternalMetadata Load (0.5ms)[0m  [1m[34mSELECT * FROM "ar_internal_metadata" WHERE "ar_internal_metadata"."key" = $1 ORDER BY "ar_internal_metadata"."key" ASC LIMIT 1[0m  [[nil, "schema_sha1"]]
  [1m[36mActiveRecord::InternalMetadata Create (2.1ms)[0m  [1m[32mINSERT INTO "ar_internal_metadata" ("key", "value", "created_at", "updated_at") VALUES ('schema_sha1', '34f0d9df3e6593e2828215d39b5de559fd82053b', '2024-07-27 18:58:34.138912', '2024-07-27 18:58:34.138918') RETURNING "key"[0m
  [1m[35mSQL (0.7ms)[0m  [1m[35mCREATE EXTENSION IF NOT EXISTS "plpgsql"[0m
  [1m[35m (11.6ms)[0m  [1m[35mCREATE TABLE "schema_migrations" ("version" character varying NOT NULL PRIMARY KEY)[0m
  [1m[36mActiveRecord::SchemaMigration Load (0.7ms)[0m  [1m[34mSELECT "schema_migrations"."version" FROM "schema_migrations" ORDER BY "schema_migrations"."version" ASC[0m
  [1m[35m (1.8ms)[0m  [1m[32mINSERT INTO "schema_migrations" (version) VALUES (0)[0m
  [1m[35m (11.3ms)[0m  [1m[35mCREATE TABLE "ar_internal_metadata" ("key" character varying NOT NULL PRIMARY KEY, "value" character varying, "created_at" timestamp(6) NOT NULL, "updated_at" timestamp(6) NOT NULL)[0m
  [1m[36mActiveRecord::InternalMetadata Load (1.4ms)[0m  [1m[34mSELECT * FROM "ar_internal_metadata" WHERE "ar_internal_metadata"."key" = $1 ORDER BY "ar_internal_metadata"."key" ASC LIMIT 1[0m  [[nil, "environment"]]
  [1m[36mActiveRecord::InternalMetadata Create (1.9ms)[0m  [1m[32mINSERT INTO "ar_internal_metadata" ("key", "value", "created_at", "updated_at") VALUES ('environment', 'development', '2024-07-27 18:58:34.236877', '2024-07-27 18:58:34.236882') RETURNING "key"[0m
  [1m[36mActiveRecord::InternalMetadata Load (0.6ms)[0m  [1m[34mSELECT * FROM "ar_internal_metadata" WHERE "ar_internal_metadata"."key" = $1 ORDER BY "ar_internal_metadata"."key" ASC LIMIT 1[0m  [[nil, "environment"]]
  [1m[36mActiveRecord::InternalMetadata Update (17.4ms)[0m  [1m[33mUPDATE "ar_internal_metadata" SET "value" = 'test', "updated_at" = '2024-07-27 18:58:34.243785' WHERE "ar_internal_metadata"."key" = 'environment'[0m
  [1m[36mActiveRecord::InternalMetadata Load (0.6ms)[0m  [1m[34mSELECT * FROM "ar_internal_metadata" WHERE "ar_internal_metadata"."key" = $1 ORDER BY "ar_internal_metadata"."key" ASC LIMIT 1[0m  [[nil, "schema_sha1"]]
  [1m[36mActiveRecord::InternalMetadata Create (1.8ms)[0m  [1m[32mINSERT INTO "ar_internal_metadata" ("key", "value", "created_at", "updated_at") VALUES ('schema_sha1', '34f0d9df3e6593e2828215d39b5de559fd82053b', '2024-07-27 18:58:34.265668', '2024-07-27 18:58:34.265672') RETURNING "key"[0m
  [1m[36mActiveRecord::SchemaMigration Load (1.0ms)[0m  [1m[34mSELECT "schema_migrations"."version" FROM "schema_migrations" ORDER BY "schema_migrations"."version" ASC[0m
[dotenv] Set [36mAPPNAME_DATABASE_PASSWORD[0m
[dotenv] Loaded [33m.env[0m
[dotenv] Set [36mAPPNAME_DATABASE_PASSWORD[0m
[dotenv] Loaded [33m.env[0m
[dotenv] Set [36mREDIS_DB[0m, [36mREDIS_URL[0m, [36mREDIS_PORT[0m, and [36mAPPNAME_DATABASE_PASSWORD[0m
[dotenv] Loaded [33m.env[0m
[dotenv] Set [36mREDIS_DB[0m, [36mREDIS_URL[0m, [36mREDIS_PORT[0m, and [36mAPPNAME_DATABASE_PASSWORD[0m
[dotenv] Loaded [33m.env[0m
[dotenv] Set [36mREDIS_DB[0m, [36mREDIS_URL[0m, [36mREDIS_PORT[0m, and [36mAPPNAME_DATABASE_PASSWORD[0m
[dotenv] Loaded [33m.env[0m
[dotenv] Set [36mREDIS_DB[0m, [36mREDIS_URL[0m, [36mREDIS_PORT[0m, and [36mAPPNAME_DATABASE_PASSWORD[0m
[dotenv] Loaded [33m.env[0m
[dotenv] Set [36mREDIS_DB[0m, [36mREDIS_URL[0m, [36mREDIS_PORT[0m, and [36mAPPNAME_DATABASE_PASSWORD[0m
[dotenv] Loaded [33m.env[0m
[dotenv] Set [36mREDIS_DB[0m, [36mREDIS_URL[0m, [36mREDIS_PORT[0m, and [36mAPPNAME_DATABASE_PASSWORD[0m
[dotenv] Loaded [33m.env[0m
[dotenv] Set [36mREDIS_DB[0m, [36mREDIS_URL[0m, [36mREDIS_PORT[0m, and [36mAPPNAME_DATABASE_PASSWORD[0m
[dotenv] Loaded [33m.env[0m
[dotenv] Set [36mREDIS_DB[0m, [36mREDIS_URL[0m, [36mREDIS_PORT[0m, and [36mAPPNAME_DATABASE_PASSWORD[0m
[dotenv] Loaded [33m.env[0m
[dotenv] Set [36mREDIS_DB[0m, [36mREDIS_URL[0m, [36mREDIS_PORT[0m, and [36mAPPNAME_DATABASE_PASSWORD[0m
[dotenv] Loaded [33m.env[0m
[dotenv] Set [36mREDIS_DB[0m, [36mREDIS_URL[0m, [36mREDIS_PORT[0m, and [36mAPPNAME_DATABASE_PASSWORD[0m
[dotenv] Loaded [33m.env[0m
[dotenv] Set [36mREDIS_DB[0m, [36mREDIS_URL[0m, [36mREDIS_PORT[0m, and [36mAPPNAME_DATABASE_PASSWORD[0m
[dotenv] Loaded [33m.env[0m
[dotenv] Set [36mREDIS_DB[0m, [36mREDIS_URL[0m, [36mREDIS_PORT[0m, and [36mAPPNAME_DATABASE_PASSWORD[0m
[dotenv] Loaded [33m.env[0m
[dotenv] Set [36mREDIS_DB[0m, [36mREDIS_URL[0m, [36mREDIS_PORT[0m, and [36mAPPNAME_DATABASE_PASSWORD[0m
[dotenv] Loaded [33m.env[0m
[dotenv] Set [36mREDIS_DB[0m, [36mREDIS_URL[0m, [36mREDIS_PORT[0m, and [36mAPPNAME_DATABASE_PASSWORD[0m
[dotenv] Loaded [33m.env[0m
[dotenv] Set [36mREDIS_DB[0m, [36mREDIS_URL[0m, [36mREDIS_PORT[0m, and [36mAPPNAME_DATABASE_PASSWORD[0m
[dotenv] Loaded [33m.env[0m
[dotenv] Set [36mREDIS_DB[0m, [36mREDIS_URL[0m, [36mREDIS_PORT[0m, and [36mAPPNAME_DATABASE_PASSWORD[0m
[dotenv] Loaded [33m.env[0m
[dotenv] Set [36mREDIS_DB[0m, [36mREDIS_URL[0m, [36mREDIS_PORT[0m, and [36mAPPNAME_DATABASE_PASSWORD[0m
[dotenv] Loaded [33m.env[0m
[dotenv] Set [36mREDIS_DB[0m, [36mREDIS_URL[0m, [36mREDIS_PORT[0m, and [36mAPPNAME_DATABASE_PASSWORD[0m
[dotenv] Loaded [33m.env[0m
[dotenv] Set [36mREDIS_DB[0m, [36mREDIS_URL[0m, [36mREDIS_PORT[0m, and [36mAPPNAME_DATABASE_PASSWORD[0m
[dotenv] Loaded [33m.env[0m
[dotenv] Set [36mREDIS_DB[0m, [36mREDIS_URL[0m, [36mREDIS_PORT[0m, and [36mAPPNAME_DATABASE_PASSWORD[0m
[dotenv] Loaded [33m.env[0m
[dotenv] Set [36mREDIS_DB[0m, [36mREDIS_URL[0m, [36mREDIS_PORT[0m, and [36mAPPNAME_DATABASE_PASSWORD[0m
[dotenv] Loaded [33m.env[0m
[dotenv] Set [36mREDIS_DB[0m, [36mREDIS_URL[0m, [36mREDIS_PORT[0m, and [36mAPPNAME_DATABASE_PASSWORD[0m
[dotenv] Loaded [33m.env[0m
[dotenv] Set [36mREDIS_DB[0m, [36mREDIS_URL[0m, [36mREDIS_PORT[0m, and [36mAPPNAME_DATABASE_PASSWORD[0m
[dotenv] Loaded [33m.env[0m
[dotenv] Set [36mREDIS_DB[0m, [36mREDIS_URL[0m, [36mREDIS_PORT[0m, and [36mAPPNAME_DATABASE_PASSWORD[0m
[dotenv] Loaded [33m.env[0m
[dotenv] Set [36mREDIS_DB[0m, [36mREDIS_URL[0m, [36mREDIS_PORT[0m, and [36mAPPNAME_DATABASE_PASSWORD[0m
[dotenv] Loaded [33m.env[0m
[dotenv] Set [36mREDIS_DB[0m, [36mREDIS_URL[0m, [36mREDIS_PORT[0m, and [36mAPPNAME_DATABASE_PASSWORD[0m
[dotenv] Loaded [33m.env[0m
[dotenv] Set [36mREDIS_DB[0m, [36mREDIS_URL[0m, [36mREDIS_PORT[0m, and [36mAPPNAME_DATABASE_PASSWORD[0m
[dotenv] Loaded [33m.env[0m
[dotenv] Set [36mREDIS_DB[0m, [36mREDIS_URL[0m, [36mREDIS_PORT[0m, and [36mAPPNAME_DATABASE_PASSWORD[0m
[dotenv] Loaded [33m.env[0m
[dotenv] Set [36mREDIS_DB[0m, [36mREDIS_URL[0m, [36mREDIS_PORT[0m, and [36mAPPNAME_DATABASE_PASSWORD[0m
[dotenv] Loaded [33m.env[0m
[dotenv] Set [36mREDIS_DB[0m, [36mREDIS_URL[0m, [36mREDIS_PORT[0m, and [36mAPPNAME_DATABASE_PASSWORD[0m
[dotenv] Loaded [33m.env[0m
[dotenv] Set [36mREDIS_DB[0m, [36mREDIS_URL[0m, [36mREDIS_PORT[0m, and [36mAPPNAME_DATABASE_PASSWORD[0m
[dotenv] Loaded [33m.env[0m
[dotenv] Set [36mREDIS_DB[0m, [36mREDIS_URL[0m, [36mREDIS_PORT[0m, and [36mAPPNAME_DATABASE_PASSWORD[0m
[dotenv] Loaded [33m.env[0m
[dotenv] Set [36mREDIS_DB[0m, [36mREDIS_URL[0m, [36mREDIS_PORT[0m, and [36mAPPNAME_DATABASE_PASSWORD[0m
[dotenv] Loaded [33m.env[0m
[dotenv] Set [36mREDIS_DB[0m, [36mREDIS_URL[0m, [36mREDIS_PORT[0m, and [36mAPPNAME_DATABASE_PASSWORD[0m
[dotenv] Loaded [33m.env[0m
